[2018-09-22 09:10:20.587] [sharedprocess] [info] main {"machineId":"d20dc33b7240960611373d2ff308162aeedd62423c946bab325367b3b28d7678"}
[2018-09-22 09:10:21.492] [sharedprocess] [info] Scanned user extensions: 10
[2018-09-22 09:10:22.015] [sharedprocess] [info] Scanned user extensions: 10
[2018-09-22 09:10:22.018] [sharedprocess] [info] Scanned user extensions: 10
[2018-09-22 09:10:22.503] [sharedprocess] [info] Scanned system extensions: 71
[2018-09-22 09:10:22.503] [sharedprocess] [info] Scanned system extensions: 71
[2018-09-22 09:10:25.416] [sharedprocess] [info] Installing extension: php-debug
[2018-09-22 09:10:25.423] [sharedprocess] [info] Scanned user extensions: 10
[2018-09-22 09:10:25.430] [sharedprocess] [info] Scanned user extensions: 10
[2018-09-22 09:10:25.503] [sharedprocess] [info] Scanned user extensions: 10
[2018-09-22 09:10:26.284] [sharedprocess] [info] Downloaded extension: php-debug /tmp/f8c1e82d-4a53-4575-a622-2984e1ea18f5
[2018-09-22 09:10:26.846] [sharedprocess] [info] Extracted extension to /home/bridgeit/.vscode/extensions/.felixfbecker.php-debug-1.12.6: felixfbecker.php-debug-1.12.6
[2018-09-22 09:10:26.847] [sharedprocess] [info] Renamed to /home/bridgeit/.vscode/extensions/felixfbecker.php-debug-1.12.6
[2018-09-22 09:10:26.847] [sharedprocess] [info] Installation completed. felixfbecker.php-debug-1.12.6
[2018-09-22 09:10:27.479] [sharedprocess] [info] Extensions installed successfully: felixfbecker.php-debug
[2018-09-22 09:10:27.594] [sharedprocess] [info] Scanned user extensions: 10
[2018-09-22 09:10:27.612] [sharedprocess] [info] Scanned system extensions: 71
[2018-09-22 09:11:00.591] [sharedprocess] [info] Starting to clean up unused language packs.
[2018-09-22 09:15:25.507] [sharedprocess] [info] Scanned user extensions: 10
[2018-09-22 09:20:25.526] [sharedprocess] [info] Scanned user extensions: 10
[2018-09-22 09:25:25.544] [sharedprocess] [info] Scanned user extensions: 10
[2018-09-22 09:30:25.558] [sharedprocess] [info] Scanned user extensions: 10
[2018-09-22 09:35:25.579] [sharedprocess] [info] Scanned user extensions: 10
[2018-09-22 09:40:25.596] [sharedprocess] [info] Scanned user extensions: 10
[2018-09-22 09:45:25.613] [sharedprocess] [info] Scanned user extensions: 10
[2018-09-22 09:50:25.631] [sharedprocess] [info] Scanned user extensions: 10
[2018-09-22 09:55:25.643] [sharedprocess] [info] Scanned user extensions: 10
[2018-09-22 10:00:25.659] [sharedprocess] [info] Scanned user extensions: 10
[2018-09-22 10:05:25.678] [sharedprocess] [info] Scanned user extensions: 10
[2018-09-22 10:10:25.720] [sharedprocess] [info] Scanned user extensions: 10
[2018-09-22 10:15:25.736] [sharedprocess] [info] Scanned user extensions: 10
[2018-09-22 10:20:25.750] [sharedprocess] [info] Scanned user extensions: 10
[2018-09-22 10:25:25.771] [sharedprocess] [info] Scanned user extensions: 10
[2018-09-22 10:30:25.788] [sharedprocess] [info] Scanned user extensions: 10
[2018-09-22 10:35:25.804] [sharedprocess] [info] Scanned user extensions: 10
[2018-09-22 10:40:25.821] [sharedprocess] [info] Scanned user extensions: 10
[2018-09-22 10:45:25.838] [sharedprocess] [info] Scanned user extensions: 10
[2018-09-22 10:50:25.857] [sharedprocess] [info] Scanned user extensions: 10
[2018-09-22 10:55:25.875] [sharedprocess] [info] Scanned user extensions: 10
[2018-09-22 11:00:25.891] [sharedprocess] [info] Scanned user extensions: 10
[2018-09-22 11:05:25.909] [sharedprocess] [info] Scanned user extensions: 10
[2018-09-22 11:10:26.016] [sharedprocess] [info] Scanned user extensions: 10
[2018-09-22 11:15:26.033] [sharedprocess] [info] Scanned user extensions: 10
[2018-09-22 11:20:26.051] [sharedprocess] [info] Scanned user extensions: 10
[2018-09-22 11:25:26.068] [sharedprocess] [info] Scanned user extensions: 10
[2018-09-22 11:30:26.087] [sharedprocess] [info] Scanned user extensions: 10
[2018-09-22 11:35:26.105] [sharedprocess] [info] Scanned user extensions: 10
[2018-09-22 11:40:26.123] [sharedprocess] [info] Scanned user extensions: 10
[2018-09-22 11:45:26.142] [sharedprocess] [info] Scanned user extensions: 10
[2018-09-22 11:50:26.158] [sharedprocess] [info] Scanned user extensions: 10
[2018-09-22 11:55:26.175] [sharedprocess] [info] Scanned user extensions: 10
[2018-09-22 12:00:26.193] [sharedprocess] [info] Scanned user extensions: 10
[2018-09-22 12:05:26.211] [sharedprocess] [info] Scanned user extensions: 10
[2018-09-22 12:10:26.253] [sharedprocess] [info] Scanned user extensions: 10
[2018-09-22 12:15:26.271] [sharedprocess] [info] Scanned user extensions: 10
[2018-09-22 12:20:26.289] [sharedprocess] [info] Scanned user extensions: 10
[2018-09-22 12:25:26.307] [sharedprocess] [info] Scanned user extensions: 10
[2018-09-22 12:30:26.323] [sharedprocess] [info] Scanned user extensions: 10
[2018-09-22 12:35:26.343] [sharedprocess] [info] Scanned user extensions: 10
[2018-09-22 12:40:26.361] [sharedprocess] [info] Scanned user extensions: 10
[2018-09-22 12:45:26.378] [sharedprocess] [info] Scanned user extensions: 10
[2018-09-22 12:50:26.399] [sharedprocess] [info] Scanned user extensions: 10
[2018-09-22 12:55:26.420] [sharedprocess] [info] Scanned user extensions: 10
[2018-09-22 13:00:26.439] [sharedprocess] [info] Scanned user extensions: 10
[2018-09-22 13:05:26.455] [sharedprocess] [info] Scanned user extensions: 10
[2018-09-22 13:10:26.541] [sharedprocess] [info] Scanned user extensions: 10
[2018-09-22 13:15:26.556] [sharedprocess] [info] Scanned user extensions: 10
[2018-09-22 13:20:26.571] [sharedprocess] [info] Scanned user extensions: 10
[2018-09-22 13:25:26.590] [sharedprocess] [info] Scanned user extensions: 10
[2018-09-22 13:30:26.611] [sharedprocess] [info] Scanned user extensions: 10
[2018-09-22 13:35:26.629] [sharedprocess] [info] Scanned user extensions: 10
[2018-09-22 14:24:17.280] [sharedprocess] [info] Scanned user extensions: 10
[2018-09-22 14:29:17.298] [sharedprocess] [info] Scanned user extensions: 10
[2018-09-22 14:34:17.313] [sharedprocess] [info] Scanned user extensions: 10
[2018-09-22 14:39:17.332] [sharedprocess] [info] Scanned user extensions: 10
[2018-09-22 14:44:17.350] [sharedprocess] [info] Scanned user extensions: 10
[2018-09-22 14:49:17.365] [sharedprocess] [info] Scanned user extensions: 10
[2018-09-22 14:54:18.216] [sharedprocess] [info] Scanned user extensions: 10
[2018-09-22 14:59:18.236] [sharedprocess] [info] Scanned user extensions: 10
[2018-09-22 15:04:18.255] [sharedprocess] [info] Scanned user extensions: 10
[2018-09-22 15:09:18.273] [sharedprocess] [info] Scanned user extensions: 10
[2018-09-22 15:14:18.289] [sharedprocess] [info] Scanned user extensions: 10
[2018-09-22 15:19:18.305] [sharedprocess] [info] Scanned user extensions: 10
[2018-09-22 15:24:18.515] [sharedprocess] [info] Scanned user extensions: 10
[2018-09-22 15:29:18.531] [sharedprocess] [info] Scanned user extensions: 10
[2018-09-22 15:34:18.548] [sharedprocess] [info] Scanned user extensions: 10
[2018-09-22 15:39:18.564] [sharedprocess] [info] Scanned user extensions: 10
[2018-09-22 15:44:18.583] [sharedprocess] [info] Scanned user extensions: 10
[2018-09-22 15:49:18.599] [sharedprocess] [info] Scanned user extensions: 10
[2018-09-22 15:54:18.616] [sharedprocess] [info] Scanned user extensions: 10
[2018-09-22 15:59:18.633] [sharedprocess] [info] Scanned user extensions: 10
[2018-09-22 16:04:18.650] [sharedprocess] [info] Scanned user extensions: 10
[2018-09-22 16:09:18.669] [sharedprocess] [info] Scanned user extensions: 10
[2018-09-22 16:14:18.685] [sharedprocess] [info] Scanned user extensions: 10
[2018-09-22 16:19:18.703] [sharedprocess] [info] Scanned user extensions: 10
[2018-09-22 16:24:18.745] [sharedprocess] [info] Scanned user extensions: 10
[2018-09-22 16:29:18.761] [sharedprocess] [info] Scanned user extensions: 10
[2018-09-22 16:34:18.779] [sharedprocess] [info] Scanned user extensions: 10
[2018-09-22 16:39:18.796] [sharedprocess] [info] Scanned user extensions: 10
[2018-09-22 16:44:18.813] [sharedprocess] [info] Scanned user extensions: 10
