[2018-09-21 09:17:52.631] [exthost1] [info] extension host started
[2018-09-21 09:17:53.128] [exthost1] [info] ExtensionService#_doActivateExtension vscode.debug-auto-launch {"startup":true,"activationEvent":"*"}
[2018-09-21 09:17:53.128] [exthost1] [info] ExtensionService#loadCommonJSModule /usr/share/code/resources/app/extensions/debug-auto-launch/out/extension
[2018-09-21 09:17:53.390] [exthost1] [info] ExtensionService#_doActivateExtension vscode.emmet {"startup":true,"activationEvent":"*"}
[2018-09-21 09:17:53.390] [exthost1] [info] ExtensionService#loadCommonJSModule /usr/share/code/resources/app/extensions/emmet/dist/extension
[2018-09-21 09:17:53.654] [exthost1] [info] ExtensionService#_doActivateExtension vscode.git {"startup":true,"activationEvent":"*"}
[2018-09-21 09:17:53.654] [exthost1] [info] ExtensionService#loadCommonJSModule /usr/share/code/resources/app/extensions/git/dist/main
[2018-09-21 09:17:54.828] [exthost1] [info] ExtensionService#_doActivateExtension vscode.merge-conflict {"startup":true,"activationEvent":"*"}
[2018-09-21 09:17:54.828] [exthost1] [info] ExtensionService#loadCommonJSModule /usr/share/code/resources/app/extensions/merge-conflict/out/extension
[2018-09-21 09:17:55.462] [exthost1] [info] ExtensionService#_doActivateExtension vscode.search-rg {"startup":true,"activationEvent":"*"}
[2018-09-21 09:17:55.462] [exthost1] [info] ExtensionService#loadCommonJSModule /usr/share/code/resources/app/extensions/search-rg/out/extension
[2018-09-21 09:17:55.605] [exthost1] [info] ExtensionService#_doActivateExtension oneofone.save-runner {"startup":true,"activationEvent":"*"}
[2018-09-21 09:17:55.605] [exthost1] [info] ExtensionService#loadCommonJSModule /home/bridgeit/.vscode/extensions/oneofone.save-runner-1.2.2/out/extension
[2018-09-21 09:17:55.908] [exthost1] [info] ExtensionService#_doActivateExtension Sophisticode.php-formatter {"startup":true,"activationEvent":"*"}
[2018-09-21 09:17:55.908] [exthost1] [info] ExtensionService#loadCommonJSModule /home/bridgeit/.vscode/extensions/sophisticode.php-formatter-0.2.4/out/extension
[2018-09-21 09:17:56.024] [exthost1] [info] ExtensionService#_doActivateExtension vscode.php-language-features {"startup":false,"activationEvent":"onLanguage:php"}
[2018-09-21 09:17:56.024] [exthost1] [info] ExtensionService#loadCommonJSModule /usr/share/code/resources/app/extensions/php-language-features/out/phpMain
[2018-09-21 09:17:56.309] [exthost1] [info] ExtensionService#_doActivateExtension bmewburn.vscode-intelephense-client {"startup":false,"activationEvent":"onLanguage:php"}
[2018-09-21 09:17:56.309] [exthost1] [info] ExtensionService#loadCommonJSModule /home/bridgeit/.vscode/extensions/bmewburn.vscode-intelephense-client-0.8.8/out/src/extension
[2018-09-21 09:17:57.181] [exthost1] [info] ExtensionService#_doActivateExtension felixfbecker.php-intellisense {"startup":false,"activationEvent":"onLanguage:php"}
[2018-09-21 09:17:57.181] [exthost1] [info] ExtensionService#loadCommonJSModule /home/bridgeit/.vscode/extensions/felixfbecker.php-intellisense-2.3.5/out/extension
[2018-09-21 09:17:57.686] [exthost1] [info] ExtensionService#_doActivateExtension ikappas.phpcs {"startup":false,"activationEvent":"onLanguage:php"}
[2018-09-21 09:17:57.686] [exthost1] [info] ExtensionService#loadCommonJSModule /home/bridgeit/.vscode/extensions/ikappas.phpcs-1.0.5/out/src/extension
[2018-09-21 09:17:57.859] [exthost1] [info] ExtensionService#_doActivateExtension kokororin.vscode-phpfmt {"startup":false,"activationEvent":"onLanguage:php"}
[2018-09-21 09:17:57.859] [exthost1] [info] ExtensionService#loadCommonJSModule /home/bridgeit/.vscode/extensions/kokororin.vscode-phpfmt-1.0.30/out/src/extension
[2018-09-21 09:17:57.925] [exthost1] [info] ExtensionService#_doActivateExtension MehediDracula.php-constructor {"startup":false,"activationEvent":"onLanguage:php"}
[2018-09-21 09:17:57.925] [exthost1] [info] ExtensionService#loadCommonJSModule /home/bridgeit/.vscode/extensions/mehedidracula.php-constructor-0.0.10/src/extension
[2018-09-21 09:18:01.964] [exthost1] [info] eager extensions activated
[2018-09-21 10:29:30.227] [exthost1] [info] ExtensionService#_doActivateExtension vscode.html-language-features {"startup":false,"activationEvent":"onLanguage:html"}
[2018-09-21 10:29:30.228] [exthost1] [info] ExtensionService#loadCommonJSModule /usr/share/code/resources/app/extensions/html-language-features/client/dist/htmlMain
[2018-09-21 10:44:57.355] [exthost1] [info] ExtensionService#_doActivateExtension vscode.configuration-editing {"startup":false,"activationEvent":"onLanguage:json"}
[2018-09-21 10:44:57.355] [exthost1] [info] ExtensionService#loadCommonJSModule /usr/share/code/resources/app/extensions/configuration-editing/out/extension
[2018-09-21 10:44:57.417] [exthost1] [info] ExtensionService#_doActivateExtension vscode.extension-editing {"startup":false,"activationEvent":"onLanguage:json"}
[2018-09-21 10:44:57.417] [exthost1] [info] ExtensionService#loadCommonJSModule /usr/share/code/resources/app/extensions/extension-editing/out/extension
[2018-09-21 10:44:57.483] [exthost1] [info] ExtensionService#_doActivateExtension vscode.json-language-features {"startup":false,"activationEvent":"onLanguage:json"}
[2018-09-21 10:44:57.483] [exthost1] [info] ExtensionService#loadCommonJSModule /usr/share/code/resources/app/extensions/json-language-features/client/dist/jsonMain
[2018-09-21 10:44:57.674] [exthost1] [info] ExtensionService#_doActivateExtension vscode.npm {"startup":false,"activationEvent":"onLanguage:json"}
[2018-09-21 10:44:57.674] [exthost1] [info] ExtensionService#loadCommonJSModule /usr/share/code/resources/app/extensions/npm/out/main
[2018-09-21 11:20:59.686] [exthost1] [info] ExtensionService#_doActivateExtension ms-vscode.node-debug2 {"startup":false,"activationEvent":"onDebugInitialConfigurations"}
[2018-09-21 11:20:59.687] [exthost1] [info] ExtensionService#loadCommonJSModule /usr/share/code/resources/app/extensions/ms-vscode.node-debug2/out/src/extension
[2018-09-21 11:20:59.712] [exthost1] [info] ExtensionService#_doActivateExtension ms-vscode.node-debug {"startup":false,"activationEvent":"onDebugInitialConfigurations"}
[2018-09-21 11:20:59.712] [exthost1] [info] ExtensionService#loadCommonJSModule /usr/share/code/resources/app/extensions/ms-vscode.node-debug/out/node/extension/extension.js
[2018-09-21 11:21:03.671] [exthost1] [info] ExtensionService#_doActivateExtension vscode.typescript-language-features {"startup":false,"activationEvent":"onLanguage:jsonc"}
[2018-09-21 11:21:03.671] [exthost1] [info] ExtensionService#loadCommonJSModule /usr/share/code/resources/app/extensions/typescript-language-features/dist/extension
