[2018-09-19 09:17:38.588] [exthost1] [info] extension host started
[2018-09-19 09:17:38.609] [exthost1] [info] ExtensionService#_doActivateExtension vscode.debug-auto-launch {"startup":true,"activationEvent":"*"}
[2018-09-19 09:17:38.609] [exthost1] [info] ExtensionService#loadCommonJSModule /usr/share/code/resources/app/extensions/debug-auto-launch/out/extension
[2018-09-19 09:17:38.651] [exthost1] [info] ExtensionService#_doActivateExtension vscode.emmet {"startup":true,"activationEvent":"*"}
[2018-09-19 09:17:38.651] [exthost1] [info] ExtensionService#loadCommonJSModule /usr/share/code/resources/app/extensions/emmet/dist/extension
[2018-09-19 09:17:38.722] [exthost1] [info] ExtensionService#_doActivateExtension vscode.git {"startup":true,"activationEvent":"*"}
[2018-09-19 09:17:38.722] [exthost1] [info] ExtensionService#loadCommonJSModule /usr/share/code/resources/app/extensions/git/dist/main
[2018-09-19 09:17:39.239] [exthost1] [info] ExtensionService#_doActivateExtension vscode.merge-conflict {"startup":true,"activationEvent":"*"}
[2018-09-19 09:17:39.239] [exthost1] [info] ExtensionService#loadCommonJSModule /usr/share/code/resources/app/extensions/merge-conflict/out/extension
[2018-09-19 09:17:39.406] [exthost1] [info] ExtensionService#_doActivateExtension vscode.search-rg {"startup":true,"activationEvent":"*"}
[2018-09-19 09:17:39.406] [exthost1] [info] ExtensionService#loadCommonJSModule /usr/share/code/resources/app/extensions/search-rg/out/extension
[2018-09-19 09:17:39.613] [exthost1] [info] ExtensionService#_doActivateExtension oneofone.save-runner {"startup":true,"activationEvent":"*"}
[2018-09-19 09:17:39.613] [exthost1] [info] ExtensionService#loadCommonJSModule /home/bridgeit/.vscode/extensions/oneofone.save-runner-1.2.2/out/extension
[2018-09-19 09:17:40.561] [exthost1] [info] ExtensionService#_doActivateExtension Sophisticode.php-formatter {"startup":true,"activationEvent":"*"}
[2018-09-19 09:17:40.561] [exthost1] [info] ExtensionService#loadCommonJSModule /home/bridgeit/.vscode/extensions/sophisticode.php-formatter-0.2.4/out/extension
[2018-09-19 09:17:40.622] [exthost1] [info] ExtensionService#_doActivateExtension vscode.php-language-features {"startup":false,"activationEvent":"onLanguage:php"}
[2018-09-19 09:17:40.622] [exthost1] [info] ExtensionService#loadCommonJSModule /usr/share/code/resources/app/extensions/php-language-features/out/phpMain
[2018-09-19 09:17:40.726] [exthost1] [info] ExtensionService#_doActivateExtension bmewburn.vscode-intelephense-client {"startup":false,"activationEvent":"onLanguage:php"}
[2018-09-19 09:17:40.726] [exthost1] [info] ExtensionService#loadCommonJSModule /home/bridgeit/.vscode/extensions/bmewburn.vscode-intelephense-client-0.8.8/out/src/extension
[2018-09-19 09:17:41.067] [exthost1] [info] ExtensionService#_doActivateExtension felixfbecker.php-intellisense {"startup":false,"activationEvent":"onLanguage:php"}
[2018-09-19 09:17:41.067] [exthost1] [info] ExtensionService#loadCommonJSModule /home/bridgeit/.vscode/extensions/felixfbecker.php-intellisense-2.3.5/out/extension
[2018-09-19 09:17:41.354] [exthost1] [info] ExtensionService#_doActivateExtension ikappas.phpcs {"startup":false,"activationEvent":"onLanguage:php"}
[2018-09-19 09:17:41.354] [exthost1] [info] ExtensionService#loadCommonJSModule /home/bridgeit/.vscode/extensions/ikappas.phpcs-1.0.5/out/src/extension
[2018-09-19 09:17:41.470] [exthost1] [info] ExtensionService#_doActivateExtension kokororin.vscode-phpfmt {"startup":false,"activationEvent":"onLanguage:php"}
[2018-09-19 09:17:41.471] [exthost1] [info] ExtensionService#loadCommonJSModule /home/bridgeit/.vscode/extensions/kokororin.vscode-phpfmt-1.0.30/out/src/extension
[2018-09-19 09:17:41.535] [exthost1] [info] ExtensionService#_doActivateExtension MehediDracula.php-constructor {"startup":false,"activationEvent":"onLanguage:php"}
[2018-09-19 09:17:41.535] [exthost1] [info] ExtensionService#loadCommonJSModule /home/bridgeit/.vscode/extensions/mehedidracula.php-constructor-0.0.10/src/extension
[2018-09-19 09:17:44.231] [exthost1] [info] eager extensions activated
[2018-09-19 09:19:12.203] [exthost1] [info] ExtensionService#_doActivateExtension vscode.html-language-features {"startup":false,"activationEvent":"onLanguage:html"}
[2018-09-19 09:19:12.203] [exthost1] [info] ExtensionService#loadCommonJSModule /usr/share/code/resources/app/extensions/html-language-features/client/dist/htmlMain
[2018-09-19 09:34:52.936] [exthost1] [info] ExtensionService#_doActivateExtension vscode.configuration-editing {"startup":false,"activationEvent":"onLanguage:json"}
[2018-09-19 09:34:52.936] [exthost1] [info] ExtensionService#loadCommonJSModule /usr/share/code/resources/app/extensions/configuration-editing/out/extension
[2018-09-19 09:34:52.987] [exthost1] [info] ExtensionService#_doActivateExtension vscode.extension-editing {"startup":false,"activationEvent":"onLanguage:json"}
[2018-09-19 09:34:52.987] [exthost1] [info] ExtensionService#loadCommonJSModule /usr/share/code/resources/app/extensions/extension-editing/out/extension
[2018-09-19 09:34:53.033] [exthost1] [info] ExtensionService#_doActivateExtension vscode.json-language-features {"startup":false,"activationEvent":"onLanguage:json"}
[2018-09-19 09:34:53.033] [exthost1] [info] ExtensionService#loadCommonJSModule /usr/share/code/resources/app/extensions/json-language-features/client/dist/jsonMain
[2018-09-19 09:34:53.280] [exthost1] [info] ExtensionService#_doActivateExtension vscode.npm {"startup":false,"activationEvent":"onLanguage:json"}
[2018-09-19 09:34:53.280] [exthost1] [info] ExtensionService#loadCommonJSModule /usr/share/code/resources/app/extensions/npm/out/main
